<?xml version="1.0" encoding="UTF-8"?>
<!-- Generated by org.testng.reporters.JUnitReportReporter -->
<testsuite hostname="DESKTOP-T3R8PGS" name="LoginTest" tests="1" failures="0" timestamp="2 Aug 2022 10:41:20 GMT" time="0.031" errors="0">
  <testcase name="validLogin" time="0.031" classname="LoginTest"/>
</testsuite> <!-- LoginTest -->
