<?xml version="1.0" encoding="UTF-8"?>
<!-- Generated by org.testng.reporters.JUnitReportReporter -->
<testsuite hostname="DESKTOP-T3R8PGS" name="FirstTestNGClass" tests="2" failures="0" timestamp="2 Aug 2022 10:40:41 GMT" time="0.000" errors="0">
  <testcase name="f" time="0.000" classname="FirstTestNGClass"/>
  <testcase name="invalidLogin" time="0.000" classname="FirstTestNGClass"/>
</testsuite> <!-- FirstTestNGClass -->
