<?xml version="1.0" encoding="UTF-8"?>
<!-- Generated by org.testng.reporters.JUnitReportReporter -->
<testsuite hostname="DESKTOP-T3R8PGS" name="FriendRequestTest" tests="1" failures="0" timestamp="2 Aug 2022 10:41:14 GMT" time="0.031" errors="0">
  <testcase name="testFriendRequest" time="0.031" classname="FriendRequestTest"/>
</testsuite> <!-- FriendRequestTest -->
