<?xml version="1.0" encoding="UTF-8"?>
<!-- Generated by org.testng.reporters.JUnitReportReporter -->
<testsuite hostname="DESKTOP-T3R8PGS" name="test.LoginTest2" tests="1" failures="0" timestamp="3 Aug 2022 07:47:29 GMT" time="20.034" errors="0">
  <testcase name="Login" time="20.034" classname="test.LoginTest2"/>
</testsuite> <!-- test.LoginTest2 -->
