<?xml version="1.0" encoding="UTF-8"?>
<!-- Generated by org.testng.reporters.JUnitReportReporter -->
<testsuite hostname="DESKTOP-T3R8PGS" name="test.TestNGDependentMethods" tests="3" failures="0" timestamp="2 Aug 2022 14:48:53 GMT" time="0.029" errors="0">
  <testcase name="addToCart" time="0.002" classname="test.TestNGDependentMethods"/>
  <testcase name="launchFlipkart" time="0.025" classname="test.TestNGDependentMethods"/>
  <testcase name="loginToFlipkart" time="0.002" classname="test.TestNGDependentMethods"/>
</testsuite> <!-- test.TestNGDependentMethods -->
