<?xml version="1.0" encoding="UTF-8"?>
<!-- Generated by org.testng.reporters.JUnitReportReporter -->
<testsuite hostname="DESKTOP-T3R8PGS" name="test.LoginTest1" tests="1" failures="0" timestamp="3 Aug 2022 07:47:29 GMT" time="14.623" errors="0">
  <testcase name="Login" time="14.623" classname="test.LoginTest1"/>
</testsuite> <!-- test.LoginTest1 -->
