<?xml version="1.0" encoding="UTF-8"?>
<!-- Generated by org.testng.reporters.JUnitReportReporter -->
<testsuite hostname="DESKTOP-T3R8PGS" name="test.TestNGDependentgroups" tests="3" failures="0" timestamp="2 Aug 2022 14:50:22 GMT" time="0.024" errors="0">
  <testcase name="test5" time="0.002" classname="test.TestNGDependentgroups"/>
  <testcase name="test4" time="0.019" classname="test.TestNGDependentgroups"/>
  <testcase name="test6" time="0.003" classname="test.TestNGDependentgroups"/>
</testsuite> <!-- test.TestNGDependentgroups -->
