<?xml version="1.0" encoding="UTF-8"?>
<!-- Generated by org.testng.reporters.JUnitReportReporter -->
<testsuite hostname="DESKTOP-T3R8PGS" name="test.TestNgGroups2" tests="1" failures="0" timestamp="2 Aug 2022 13:23:26 GMT" time="0.000" errors="0">
  <testcase name="testInValidLogin" time="0.000" classname="test.TestNgGroups2"/>
</testsuite> <!-- test.TestNgGroups2 -->
