<?xml version="1.0" encoding="UTF-8"?>
<!-- Generated by org.testng.reporters.JUnitReportReporter -->
<testsuite hostname="DESKTOP-T3R8PGS" name="TestNgGroups" tests="3" failures="0" timestamp="2 Aug 2022 08:59:44 GMT" time="0.046" errors="0">
  <testcase name="testSupportUserLogin" time="0.000" classname="TestNgGroups"/>
  <testcase name="testInValidLogin" time="0.046" classname="TestNgGroups"/>
  <testcase name="testValidLogin" time="0.000" classname="TestNgGroups"/>
</testsuite> <!-- TestNgGroups -->
