<?xml version="1.0" encoding="UTF-8"?>
<!-- Generated by org.testng.reporters.JUnitReportReporter -->
<testsuite hostname="DESKTOP-T3R8PGS" name="TestNGPriority" tests="3" failures="0" timestamp="2 Aug 2022 08:58:20 GMT" time="0.063" errors="0">
  <testcase name="test2" time="0.000" classname="TestNGPriority"/>
  <testcase name="test1" time="0.047" classname="TestNGPriority"/>
  <testcase name="test3" time="0.016" classname="TestNGPriority"/>
</testsuite> <!-- TestNGPriority -->
