<?xml version="1.0" encoding="UTF-8"?>
<!-- Generated by org.testng.reporters.JUnitReportReporter -->
<testsuite hostname="DESKTOP-T3R8PGS" name="test.FirstTestNGClass1" tests="2" failures="0" timestamp="3 Aug 2022 06:23:16 GMT" time="0.031" errors="0">
  <testcase name="f" time="0.016" classname="test.FirstTestNGClass1"/>
  <testcase name="f" time="0.015" classname="test.FirstTestNGClass1"/>
</testsuite> <!-- test.FirstTestNGClass1 -->
