<?xml version="1.0" encoding="UTF-8"?>
<!-- Generated by org.testng.reporters.JUnitReportReporter -->
<testsuite hostname="DESKTOP-T3R8PGS" name="test.TestNGParameter2" tests="1" failures="0" timestamp="2 Aug 2022 12:42:19 GMT" time="0.000" errors="0">
  <testcase name="testParameterBrowser" time="0.000" classname="test.TestNGParameter2"/>
</testsuite> <!-- test.TestNGParameter2 -->
