<?xml version="1.0" encoding="UTF-8"?>
<!-- Generated by org.testng.reporters.JUnitReportReporter -->
<testsuite hostname="DESKTOP-T3R8PGS" name="test.LinkedInLoginTestUsingPageObject" tests="1" failures="0" timestamp="2 Aug 2022 15:30:40 GMT" time="20.219" errors="0">
  <testcase name="testLinkedInLogin" time="20.219" classname="test.LinkedInLoginTestUsingPageObject"/>
</testsuite> <!-- test.LinkedInLoginTestUsingPageObject -->
