<?xml version="1.0" encoding="UTF-8"?>
<!-- Generated by org.testng.reporters.JUnitReportReporter -->
<testsuite hostname="DESKTOP-T3R8PGS" name="TestNGDataProvider" tests="3" failures="0" timestamp="2 Aug 2022 08:57:10 GMT" time="0.032" errors="0">
  <testcase name="testUserLogin" time="0.016" classname="TestNGDataProvider"/>
  <testcase name="testUserLogin" time="0.000" classname="TestNGDataProvider"/>
  <testcase name="testUserLogin" time="0.016" classname="TestNGDataProvider"/>
</testsuite> <!-- TestNGDataProvider -->
